SYSTEM;30140503.DGN;F8E8
SYSTEM;8203710117.DGN;80B4
SYSTEM;30210325.DGN;C7E8
SYSTEM;37770978.PGN;0000
SYSTEM;40150296.DGN;5283
SYSTEM;8200120165.DGN;DCB9
SYSTEM;8200210320.DGN;D9CF
SYSTEM;47786001.PGN;0000
SYSTEM;8203040103.DGN;D8EC
SYSTEM;8440180110.PGN;0000
SYSTEM;COUR.PGN;0000
SYSTEM;8203120104.DGN;EB4A
SYSTEM;8300648217.DGN;BC9D
SYSTEM;ISOZZSG.AGN;0000
SYSTEM;8200320600.DGN;279C
SYSTEM;8133080123.DGN;F27B
SYSTEM;8200360872.DGN;C819
SYSTEM;8300630015.DGN;6975
SYSTEM;8200220122.DGN;D321
SYSTEM;8440170110.PGN;0000
SYSTEM;36930207.LGN;0000
SYSTEM;8138240102.PGN;0000
SYSTEM;8440160115.PGN;0000
SYSTEM;8440916001.PGN;0000
SYSTEM;45940901.LGN;54DA
SYSTEM;45960621.LGN;2169
SYSTEM;45970701.LGN;4BCA
SYSTEM;45980621.LGN;1BB1
SYSTEM;45990701.LGN;442E
SYSTEM;46010521.LGN;929E
SYSTEM;46020531.LGN;1CC6
SYSTEM;46060371.LGN;A0A8
SYSTEM;46080561.LGN;A6F2
SYSTEM;46090531.LGN;FB30
SYSTEM;46100541.LGN;8B1E
SYSTEM;46110281.LGN;031F
SYSTEM;46160531.LGN;9D51
SYSTEM;46210661.LGN;AC6C
SYSTEM;46420243.LGN;8CB7
SYSTEM;46560317.LGN;1010
SYSTEM;46920211.LGN;D6B2
SYSTEM;8440850101.LGN;1B19
SYSTEM;8136870114.LGN;0000
SYSTEM;8136880110.LGN;0000
SYSTEM;45920801.AGN;B2DD
SYSTEM;36280317.AGN;D8C6
